Watching for file changes with StatReloader
Unauthorized: /api/products/
[19/Jun/2025 11:53:07] "GET /api/products/ HTTP/1.1" 401 27
[19/Jun/2025 11:53:37] "GET /api/products/ HTTP/1.1" 200 5502
[19/Jun/2025 11:54:00] "GET /static/dashboard.html HTTP/1.1" 200 11632
[19/Jun/2025 11:54:15] "GET /static/product-form.html HTTP/1.1" 200 13167
[19/Jun/2025 11:54:26] "GET /static/js/stock.js HTTP/1.1" 200 25588
[19/Jun/2025 11:55:05] "GET /static/dashboard.html HTTP/1.1" 200 11632
[19/Jun/2025 11:55:05] "GET /static/css/styles.css HTTP/1.1" 200 7619
[19/Jun/2025 11:55:05] "GET /static/js/config.js HTTP/1.1" 200 466
[19/Jun/2025 11:55:05] "GET /static/js/auth.js HTTP/1.1" 200 4768
[19/Jun/2025 11:55:05] "GET /static/js/app.js HTTP/1.1" 200 7872
[19/Jun/2025 11:55:05] "GET /static/js/dashboard.js HTTP/1.1" 200 21031
[19/Jun/2025 11:55:05] "OPTIONS /api/products/stats/ HTTP/1.1" 200 0
[19/Jun/2025 11:55:05] "GET /api/products/stats/ HTTP/1.1" 200 65
[19/Jun/2025 11:55:05] "OPTIONS /api/products/wastage_stats/ HTTP/1.1" 200 0
[19/Jun/2025 11:55:05] "GET /api/products/wastage_stats/ HTTP/1.1" 200 65
[19/Jun/2025 11:55:05] "OPTIONS /api/products/ HTTP/1.1" 200 0
[19/Jun/2025 11:55:05] "GET /api/products/ HTTP/1.1" 200 5502
[19/Jun/2025 11:55:05] "OPTIONS /api/products/ HTTP/1.1" 200 0
[19/Jun/2025 11:55:05] "OPTIONS /api/stock-history/ HTTP/1.1" 200 0
[19/Jun/2025 11:55:05] "GET /api/products/ HTTP/1.1" 200 5502
[19/Jun/2025 11:55:05] "GET /api/stock-history/ HTTP/1.1" 200 8818
Not Found: /favicon.ico
[19/Jun/2025 11:55:05] "GET /favicon.ico HTTP/1.1" 404 3027
[19/Jun/2025 11:55:08] "GET /api/product-types/ HTTP/1.1" 200 144
[19/Jun/2025 11:55:08] "GET /api/products/ HTTP/1.1" 200 5502
[19/Jun/2025 11:55:11] "GET /static/product-form.html?id=11 HTTP/1.1" 200 13167
[19/Jun/2025 11:55:11] "GET /static/js/product-form.js HTTP/1.1" 200 12519
[19/Jun/2025 11:55:11] "GET /api/product-types/ HTTP/1.1" 200 144
[19/Jun/2025 11:55:11] "GET /api/products/11/ HTTP/1.1" 200 366
[19/Jun/2025 11:55:18] "GET /api/product-types/ HTTP/1.1" 200 144
[19/Jun/2025 11:55:18] "GET /api/products/ HTTP/1.1" 200 5502
[19/Jun/2025 11:55:19] "GET /static/js/stock.js HTTP/1.1" 304 0
[19/Jun/2025 11:55:19] "GET /api/products/ HTTP/1.1" 200 5502
[19/Jun/2025 11:55:19] "GET /api/suppliers/ HTTP/1.1" 200 475
[19/Jun/2025 11:55:20] "GET /api/clients/ HTTP/1.1" 200 910
[19/Jun/2025 11:55:20] "GET /api/stock-history/ HTTP/1.1" 200 8818
[19/Jun/2025 11:55:20] "GET /api/products/11/ HTTP/1.1" 200 366
[19/Jun/2025 11:55:20] "GET /api/products/19/ HTTP/1.1" 200 373
[19/Jun/2025 11:55:20] "GET /api/products/24/ HTTP/1.1" 200 349
[19/Jun/2025 11:55:20] "GET /api/products/13/ HTTP/1.1" 200 362
[19/Jun/2025 11:55:20] "GET /api/products/12/ HTTP/1.1" 200 367
[19/Jun/2025 11:55:20] "GET /api/products/19/ HTTP/1.1" 200 373
[19/Jun/2025 11:55:20] "GET /api/products/24/ HTTP/1.1" 200 349
[19/Jun/2025 11:55:20] "GET /api/products/12/ HTTP/1.1" 200 367
[19/Jun/2025 11:55:20] "GET /api/products/24/ HTTP/1.1" 200 349
[19/Jun/2025 11:55:20] "GET /api/products/24/ HTTP/1.1" 200 349
[19/Jun/2025 11:55:22] "GET /api/products/25/ HTTP/1.1" 200 379
[19/Jun/2025 11:55:22] "GET /api/products/25/ HTTP/1.1" 200 379
[19/Jun/2025 11:55:25] "GET /api/product-types/ HTTP/1.1" 200 144
[19/Jun/2025 11:55:25] "GET /api/products/ HTTP/1.1" 200 5502
[19/Jun/2025 11:55:26] "GET /api/product-types/ HTTP/1.1" 200 144
[19/Jun/2025 11:55:26] "GET /api/products/11/ HTTP/1.1" 200 366
